[21-Feb-2025 02:57:34 Europe/Berlin] Invalid JSON received: {"lead_id":"1","attendance":[{"worker_id":"8","present":1,"job_id":"2"},{"worker_id":"9","present":1,"job_id":"1"}]}
[21-Feb-2025 02:58:57 Europe/Berlin] Received JSON Data: Array
(
    [lead_id] => 2
    [attendance] => Array
        (
            [0] => Array
                (
                    [worker_id] => 6
                    [present] => 1
                    [job_id] => 2
                )

            [1] => Array
                (
                    [worker_id] => 7
                    [present] => 1
                    [job_id] => 1
                )

        )

)

[21-Feb-2025 03:09:53 Europe/Berlin] Received JSON Data: Array
(
    [lead_id] => 1
    [attendance] => Array
        (
            [0] => Array
                (
                    [worker_id] => 8
                    [present] => 1
                    [job_id] => 1
                )

            [1] => Array
                (
                    [worker_id] => 9
                    [present] => 1
                    [job_id] => 1
                )

        )

)

[21-Feb-2025 04:57:05 Europe/Berlin] Received JSON Data: Array
(
    [lead_id] => 1
    [attendance] => Array
        (
            [0] => Array
                (
                    [worker_id] => 12
                    [present] => 1
                    [job_id] => 1
                )

            [1] => Array
                (
                    [worker_id] => 13
                    [present] => 1
                    [job_id] => 1
                )

            [2] => Array
                (
                    [worker_id] => 14
                    [present] => 1
                    [job_id] => 1
                )

            [3] => Array
                (
                    [worker_id] => 15
                    [present] => 1
                    [job_id] => 1
                )

            [4] => Array
                (
                    [worker_id] => 16
                    [present] => 0
                    [job_id] => 1
                )

        )

)

[21-Feb-2025 05:08:43 Europe/Berlin] Received JSON Data: Array
(
    [lead_id] => 1
    [attendance] => Array
        (
            [0] => Array
                (
                    [worker_id] => 1
                    [present] => 1
                    [job_id] => 9
                )

            [1] => Array
                (
                    [worker_id] => 2
                    [present] => 0
                    [job_id] => 9
                )

            [2] => Array
                (
                    [worker_id] => 3
                    [present] => 1
                    [job_id] => 9
                )

            [3] => Array
                (
                    [worker_id] => 4
                    [present] => 0
                    [job_id] => 9
                )

            [4] => Array
                (
                    [worker_id] => 5
                    [present] => 1
                    [job_id] => 9
                )

        )

)

[21-Feb-2025 05:08:47 Europe/Berlin] Received JSON Data: Array
(
    [lead_id] => 1
    [attendance] => Array
        (
            [0] => Array
                (
                    [worker_id] => 1
                    [present] => 1
                    [job_id] => 9
                )

            [1] => Array
                (
                    [worker_id] => 2
                    [present] => 0
                    [job_id] => 9
                )

            [2] => Array
                (
                    [worker_id] => 3
                    [present] => 1
                    [job_id] => 9
                )

            [3] => Array
                (
                    [worker_id] => 4
                    [present] => 0
                    [job_id] => 9
                )

            [4] => Array
                (
                    [worker_id] => 5
                    [present] => 1
                    [job_id] => 9
                )

        )

)

[21-Feb-2025 05:09:21 Europe/Berlin] Received JSON Data: Array
(
    [lead_id] => 2
    [attendance] => Array
        (
            [0] => Array
                (
                    [worker_id] => 6
                    [present] => 1
                    [job_id] => 
                )

            [1] => Array
                (
                    [worker_id] => 7
                    [present] => 1
                    [job_id] => 
                )

            [2] => Array
                (
                    [worker_id] => 8
                    [present] => 1
                    [job_id] => 
                )

            [3] => Array
                (
                    [worker_id] => 10
                    [present] => 0
                    [job_id] => 
                )

            [4] => Array
                (
                    [worker_id] => 11
                    [present] => 0
                    [job_id] => 
                )

        )

)

[21-Feb-2025 05:09:21 Europe/Berlin] PHP Fatal error:  Uncaught mysqli_sql_exception: Cannot add or update a child row: a foreign key constraint fails (`easeestate`.`attendance`, CONSTRAINT `attendance_ibfk_3` FOREIGN KEY (`job_id`) REFERENCES `jobs` (`id`) ON DELETE CASCADE) in C:\xampp\htdocs\easeestate\update_attendance_action.php:87
Stack trace:
#0 C:\xampp\htdocs\easeestate\update_attendance_action.php(87): mysqli_stmt->execute()
#1 {main}
  thrown in C:\xampp\htdocs\easeestate\update_attendance_action.php on line 87
[21-Feb-2025 05:09:23 Europe/Berlin] Received JSON Data: Array
(
    [lead_id] => 2
    [attendance] => Array
        (
            [0] => Array
                (
                    [worker_id] => 6
                    [present] => 1
                    [job_id] => 
                )

            [1] => Array
                (
                    [worker_id] => 7
                    [present] => 1
                    [job_id] => 
                )

            [2] => Array
                (
                    [worker_id] => 8
                    [present] => 1
                    [job_id] => 
                )

            [3] => Array
                (
                    [worker_id] => 10
                    [present] => 0
                    [job_id] => 
                )

            [4] => Array
                (
                    [worker_id] => 11
                    [present] => 0
                    [job_id] => 
                )

        )

)

[21-Feb-2025 05:09:23 Europe/Berlin] PHP Fatal error:  Uncaught mysqli_sql_exception: Cannot add or update a child row: a foreign key constraint fails (`easeestate`.`attendance`, CONSTRAINT `attendance_ibfk_3` FOREIGN KEY (`job_id`) REFERENCES `jobs` (`id`) ON DELETE CASCADE) in C:\xampp\htdocs\easeestate\update_attendance_action.php:87
Stack trace:
#0 C:\xampp\htdocs\easeestate\update_attendance_action.php(87): mysqli_stmt->execute()
#1 {main}
  thrown in C:\xampp\htdocs\easeestate\update_attendance_action.php on line 87
[21-Feb-2025 05:09:25 Europe/Berlin] Received JSON Data: Array
(
    [lead_id] => 2
    [attendance] => Array
        (
            [0] => Array
                (
                    [worker_id] => 6
                    [present] => 1
                    [job_id] => 
                )

            [1] => Array
                (
                    [worker_id] => 7
                    [present] => 1
                    [job_id] => 
                )

            [2] => Array
                (
                    [worker_id] => 8
                    [present] => 1
                    [job_id] => 
                )

            [3] => Array
                (
                    [worker_id] => 10
                    [present] => 0
                    [job_id] => 
                )

            [4] => Array
                (
                    [worker_id] => 11
                    [present] => 0
                    [job_id] => 
                )

        )

)

[21-Feb-2025 05:09:25 Europe/Berlin] PHP Fatal error:  Uncaught mysqli_sql_exception: Cannot add or update a child row: a foreign key constraint fails (`easeestate`.`attendance`, CONSTRAINT `attendance_ibfk_3` FOREIGN KEY (`job_id`) REFERENCES `jobs` (`id`) ON DELETE CASCADE) in C:\xampp\htdocs\easeestate\update_attendance_action.php:87
Stack trace:
#0 C:\xampp\htdocs\easeestate\update_attendance_action.php(87): mysqli_stmt->execute()
#1 {main}
  thrown in C:\xampp\htdocs\easeestate\update_attendance_action.php on line 87
[21-Feb-2025 05:09:25 Europe/Berlin] Received JSON Data: Array
(
    [lead_id] => 2
    [attendance] => Array
        (
            [0] => Array
                (
                    [worker_id] => 6
                    [present] => 1
                    [job_id] => 
                )

            [1] => Array
                (
                    [worker_id] => 7
                    [present] => 1
                    [job_id] => 
                )

            [2] => Array
                (
                    [worker_id] => 8
                    [present] => 1
                    [job_id] => 
                )

            [3] => Array
                (
                    [worker_id] => 10
                    [present] => 0
                    [job_id] => 
                )

            [4] => Array
                (
                    [worker_id] => 11
                    [present] => 0
                    [job_id] => 
                )

        )

)

[21-Feb-2025 05:09:25 Europe/Berlin] PHP Fatal error:  Uncaught mysqli_sql_exception: Cannot add or update a child row: a foreign key constraint fails (`easeestate`.`attendance`, CONSTRAINT `attendance_ibfk_3` FOREIGN KEY (`job_id`) REFERENCES `jobs` (`id`) ON DELETE CASCADE) in C:\xampp\htdocs\easeestate\update_attendance_action.php:87
Stack trace:
#0 C:\xampp\htdocs\easeestate\update_attendance_action.php(87): mysqli_stmt->execute()
#1 {main}
  thrown in C:\xampp\htdocs\easeestate\update_attendance_action.php on line 87
[21-Feb-2025 05:10:03 Europe/Berlin] Received JSON Data: Array
(
    [lead_id] => 2
    [attendance] => Array
        (
            [0] => Array
                (
                    [worker_id] => 6
                    [present] => 1
                    [job_id] => 10
                )

            [1] => Array
                (
                    [worker_id] => 7
                    [present] => 0
                    [job_id] => 10
                )

            [2] => Array
                (
                    [worker_id] => 8
                    [present] => 1
                    [job_id] => 10
                )

            [3] => Array
                (
                    [worker_id] => 10
                    [present] => 0
                    [job_id] => 10
                )

            [4] => Array
                (
                    [worker_id] => 11
                    [present] => 1
                    [job_id] => 10
                )

        )

)

[21-Feb-2025 05:49:57 Europe/Berlin] Received JSON Data: Array
(
    [lead_id] => 1
    [attendance] => Array
        (
            [0] => Array
                (
                    [worker_id] => 1
                    [present] => 1
                    [job_id] => 1
                )

            [1] => Array
                (
                    [worker_id] => 2
                    [present] => 0
                    [job_id] => 1
                )

            [2] => Array
                (
                    [worker_id] => 3
                    [present] => 1
                    [job_id] => 1
                )

            [3] => Array
                (
                    [worker_id] => 4
                    [present] => 0
                    [job_id] => 1
                )

            [4] => Array
                (
                    [worker_id] => 5
                    [present] => 1
                    [job_id] => 1
                )

        )

)

[21-Feb-2025 05:51:26 Europe/Berlin] Received JSON Data: Array
(
    [lead_id] => 2
    [attendance] => Array
        (
            [0] => Array
                (
                    [worker_id] => 6
                    [present] => 0
                    [job_id] => 
                )

            [1] => Array
                (
                    [worker_id] => 7
                    [present] => 1
                    [job_id] => 
                )

            [2] => Array
                (
                    [worker_id] => 8
                    [present] => 0
                    [job_id] => 
                )

            [3] => Array
                (
                    [worker_id] => 10
                    [present] => 1
                    [job_id] => 
                )

            [4] => Array
                (
                    [worker_id] => 11
                    [present] => 1
                    [job_id] => 
                )

        )

)

[21-Feb-2025 05:51:26 Europe/Berlin] PHP Fatal error:  Uncaught mysqli_sql_exception: Cannot add or update a child row: a foreign key constraint fails (`easeestate`.`attendance`, CONSTRAINT `attendance_ibfk_3` FOREIGN KEY (`job_id`) REFERENCES `jobs` (`id`) ON DELETE CASCADE) in C:\xampp\htdocs\easeestate\update_attendance_action.php:87
Stack trace:
#0 C:\xampp\htdocs\easeestate\update_attendance_action.php(87): mysqli_stmt->execute()
#1 {main}
  thrown in C:\xampp\htdocs\easeestate\update_attendance_action.php on line 87
[21-Feb-2025 05:51:29 Europe/Berlin] Received JSON Data: Array
(
    [lead_id] => 2
    [attendance] => Array
        (
            [0] => Array
                (
                    [worker_id] => 6
                    [present] => 0
                    [job_id] => 
                )

            [1] => Array
                (
                    [worker_id] => 7
                    [present] => 1
                    [job_id] => 
                )

            [2] => Array
                (
                    [worker_id] => 8
                    [present] => 0
                    [job_id] => 
                )

            [3] => Array
                (
                    [worker_id] => 10
                    [present] => 1
                    [job_id] => 
                )

            [4] => Array
                (
                    [worker_id] => 11
                    [present] => 1
                    [job_id] => 
                )

        )

)

[21-Feb-2025 05:51:29 Europe/Berlin] PHP Fatal error:  Uncaught mysqli_sql_exception: Cannot add or update a child row: a foreign key constraint fails (`easeestate`.`attendance`, CONSTRAINT `attendance_ibfk_3` FOREIGN KEY (`job_id`) REFERENCES `jobs` (`id`) ON DELETE CASCADE) in C:\xampp\htdocs\easeestate\update_attendance_action.php:87
Stack trace:
#0 C:\xampp\htdocs\easeestate\update_attendance_action.php(87): mysqli_stmt->execute()
#1 {main}
  thrown in C:\xampp\htdocs\easeestate\update_attendance_action.php on line 87
[21-Feb-2025 05:51:30 Europe/Berlin] Received JSON Data: Array
(
    [lead_id] => 2
    [attendance] => Array
        (
            [0] => Array
                (
                    [worker_id] => 6
                    [present] => 0
                    [job_id] => 
                )

            [1] => Array
                (
                    [worker_id] => 7
                    [present] => 1
                    [job_id] => 
                )

            [2] => Array
                (
                    [worker_id] => 8
                    [present] => 0
                    [job_id] => 
                )

            [3] => Array
                (
                    [worker_id] => 10
                    [present] => 1
                    [job_id] => 
                )

            [4] => Array
                (
                    [worker_id] => 11
                    [present] => 1
                    [job_id] => 
                )

        )

)

[21-Feb-2025 05:51:30 Europe/Berlin] PHP Fatal error:  Uncaught mysqli_sql_exception: Cannot add or update a child row: a foreign key constraint fails (`easeestate`.`attendance`, CONSTRAINT `attendance_ibfk_3` FOREIGN KEY (`job_id`) REFERENCES `jobs` (`id`) ON DELETE CASCADE) in C:\xampp\htdocs\easeestate\update_attendance_action.php:87
Stack trace:
#0 C:\xampp\htdocs\easeestate\update_attendance_action.php(87): mysqli_stmt->execute()
#1 {main}
  thrown in C:\xampp\htdocs\easeestate\update_attendance_action.php on line 87
[21-Feb-2025 05:51:31 Europe/Berlin] Received JSON Data: Array
(
    [lead_id] => 2
    [attendance] => Array
        (
            [0] => Array
                (
                    [worker_id] => 6
                    [present] => 0
                    [job_id] => 
                )

            [1] => Array
                (
                    [worker_id] => 7
                    [present] => 1
                    [job_id] => 
                )

            [2] => Array
                (
                    [worker_id] => 8
                    [present] => 0
                    [job_id] => 
                )

            [3] => Array
                (
                    [worker_id] => 10
                    [present] => 1
                    [job_id] => 
                )

            [4] => Array
                (
                    [worker_id] => 11
                    [present] => 1
                    [job_id] => 
                )

        )

)

[21-Feb-2025 05:51:31 Europe/Berlin] PHP Fatal error:  Uncaught mysqli_sql_exception: Cannot add or update a child row: a foreign key constraint fails (`easeestate`.`attendance`, CONSTRAINT `attendance_ibfk_3` FOREIGN KEY (`job_id`) REFERENCES `jobs` (`id`) ON DELETE CASCADE) in C:\xampp\htdocs\easeestate\update_attendance_action.php:87
Stack trace:
#0 C:\xampp\htdocs\easeestate\update_attendance_action.php(87): mysqli_stmt->execute()
#1 {main}
  thrown in C:\xampp\htdocs\easeestate\update_attendance_action.php on line 87
[21-Feb-2025 05:51:31 Europe/Berlin] Received JSON Data: Array
(
    [lead_id] => 2
    [attendance] => Array
        (
            [0] => Array
                (
                    [worker_id] => 6
                    [present] => 0
                    [job_id] => 
                )

            [1] => Array
                (
                    [worker_id] => 7
                    [present] => 1
                    [job_id] => 
                )

            [2] => Array
                (
                    [worker_id] => 8
                    [present] => 0
                    [job_id] => 
                )

            [3] => Array
                (
                    [worker_id] => 10
                    [present] => 1
                    [job_id] => 
                )

            [4] => Array
                (
                    [worker_id] => 11
                    [present] => 1
                    [job_id] => 
                )

        )

)

[21-Feb-2025 05:51:31 Europe/Berlin] PHP Fatal error:  Uncaught mysqli_sql_exception: Cannot add or update a child row: a foreign key constraint fails (`easeestate`.`attendance`, CONSTRAINT `attendance_ibfk_3` FOREIGN KEY (`job_id`) REFERENCES `jobs` (`id`) ON DELETE CASCADE) in C:\xampp\htdocs\easeestate\update_attendance_action.php:87
Stack trace:
#0 C:\xampp\htdocs\easeestate\update_attendance_action.php(87): mysqli_stmt->execute()
#1 {main}
  thrown in C:\xampp\htdocs\easeestate\update_attendance_action.php on line 87
[21-Feb-2025 05:51:46 Europe/Berlin] Received JSON Data: Array
(
    [lead_id] => 2
    [attendance] => Array
        (
            [0] => Array
                (
                    [worker_id] => 6
                    [present] => 1
                    [job_id] => 2
                )

            [1] => Array
                (
                    [worker_id] => 7
                    [present] => 1
                    [job_id] => 2
                )

            [2] => Array
                (
                    [worker_id] => 8
                    [present] => 1
                    [job_id] => 2
                )

            [3] => Array
                (
                    [worker_id] => 10
                    [present] => 0
                    [job_id] => 2
                )

            [4] => Array
                (
                    [worker_id] => 11
                    [present] => 1
                    [job_id] => 2
                )

        )

)

[21-Feb-2025 06:02:11 Europe/Berlin] Received JSON Data: Array
(
    [lead_id] => 3
    [attendance] => Array
        (
            [0] => Array
                (
                    [worker_id] => 12
                    [present] => 0
                    [job_id] => 3
                )

            [1] => Array
                (
                    [worker_id] => 13
                    [present] => 0
                    [job_id] => 3
                )

            [2] => Array
                (
                    [worker_id] => 14
                    [present] => 1
                    [job_id] => 3
                )

            [3] => Array
                (
                    [worker_id] => 15
                    [present] => 1
                    [job_id] => 3
                )

            [4] => Array
                (
                    [worker_id] => 16
                    [present] => 1
                    [job_id] => 3
                )

        )

)

[21-Feb-2025 06:02:33 Europe/Berlin] Received JSON Data: Array
(
    [lead_id] => 4
    [attendance] => Array
        (
            [0] => Array
                (
                    [worker_id] => 17
                    [present] => 0
                    [job_id] => 4
                )

            [1] => Array
                (
                    [worker_id] => 18
                    [present] => 1
                    [job_id] => 5
                )

            [2] => Array
                (
                    [worker_id] => 19
                    [present] => 1
                    [job_id] => 5
                )

            [3] => Array
                (
                    [worker_id] => 20
                    [present] => 1
                    [job_id] => 4
                )

            [4] => Array
                (
                    [worker_id] => 21
                    [present] => 1
                    [job_id] => 4
                )

        )

)

[21-Feb-2025 06:03:02 Europe/Berlin] Received JSON Data: Array
(
    [lead_id] => 5
    [attendance] => Array
        (
            [0] => Array
                (
                    [worker_id] => 22
                    [present] => 1
                    [job_id] => 6
                )

            [1] => Array
                (
                    [worker_id] => 23
                    [present] => 1
                    [job_id] => 6
                )

            [2] => Array
                (
                    [worker_id] => 24
                    [present] => 0
                    [job_id] => 6
                )

            [3] => Array
                (
                    [worker_id] => 25
                    [present] => 0
                    [job_id] => 5
                )

            [4] => Array
                (
                    [worker_id] => 26
                    [present] => 1
                    [job_id] => 6
                )

        )

)

[21-Feb-2025 15:16:13 Europe/Berlin] Received JSON Data: Array
(
    [lead_id] => 5
    [attendance] => Array
        (
            [0] => Array
                (
                    [worker_id] => 22
                    [present] => 0
                    [job_id] => 
                )

            [1] => Array
                (
                    [worker_id] => 23
                    [present] => 1
                    [job_id] => 2
                )

            [2] => Array
                (
                    [worker_id] => 24
                    [present] => 1
                    [job_id] => 3
                )

            [3] => Array
                (
                    [worker_id] => 25
                    [present] => 1
                    [job_id] => 4
                )

            [4] => Array
                (
                    [worker_id] => 26
                    [present] => 1
                    [job_id] => 4
                )

        )

)

[21-Feb-2025 15:16:13 Europe/Berlin] PHP Fatal error:  Uncaught mysqli_sql_exception: Cannot add or update a child row: a foreign key constraint fails (`easeestate`.`attendance`, CONSTRAINT `attendance_ibfk_3` FOREIGN KEY (`job_id`) REFERENCES `jobs` (`id`) ON DELETE CASCADE) in C:\xampp\htdocs\easeestate\update_attendance_action.php:127
Stack trace:
#0 C:\xampp\htdocs\easeestate\update_attendance_action.php(127): mysqli_stmt->execute()
#1 {main}
  thrown in C:\xampp\htdocs\easeestate\update_attendance_action.php on line 127
[21-Feb-2025 15:16:26 Europe/Berlin] Received JSON Data: Array
(
    [lead_id] => 5
    [attendance] => Array
        (
            [0] => Array
                (
                    [worker_id] => 22
                    [present] => 1
                    [job_id] => 6
                )

            [1] => Array
                (
                    [worker_id] => 23
                    [present] => 1
                    [job_id] => 6
                )

            [2] => Array
                (
                    [worker_id] => 24
                    [present] => 1
                    [job_id] => 6
                )

            [3] => Array
                (
                    [worker_id] => 25
                    [present] => 1
                    [job_id] => 6
                )

            [4] => Array
                (
                    [worker_id] => 26
                    [present] => 1
                    [job_id] => 6
                )

        )

)

[22-Feb-2025 02:54:15 Europe/Berlin] Received JSON Data: Array
(
    [lead_id] => 1
    [attendance] => Array
        (
            [0] => Array
                (
                    [worker_id] => 1
                    [present] => 1
                    [job_id] => 1
                )

            [1] => Array
                (
                    [worker_id] => 2
                    [present] => 1
                    [job_id] => 1
                )

            [2] => Array
                (
                    [worker_id] => 3
                    [present] => 1
                    [job_id] => 1
                )

            [3] => Array
                (
                    [worker_id] => 4
                    [present] => 1
                    [job_id] => 1
                )

            [4] => Array
                (
                    [worker_id] => 5
                    [present] => 1
                    [job_id] => 1
                )

        )

)

[22-Feb-2025 02:54:26 Europe/Berlin] Received JSON Data: Array
(
    [lead_id] => 1
    [attendance] => Array
        (
            [0] => Array
                (
                    [worker_id] => 1
                    [present] => 0
                    [job_id] => 2
                )

            [1] => Array
                (
                    [worker_id] => 2
                    [present] => 0
                    [job_id] => 2
                )

            [2] => Array
                (
                    [worker_id] => 3
                    [present] => 1
                    [job_id] => 2
                )

            [3] => Array
                (
                    [worker_id] => 4
                    [present] => 1
                    [job_id] => 2
                )

            [4] => Array
                (
                    [worker_id] => 5
                    [present] => 1
                    [job_id] => 2
                )

        )

)

[22-Feb-2025 02:58:34 Europe/Berlin] Received JSON Data: Array
(
    [lead_id] => 1
    [attendance] => Array
        (
            [0] => Array
                (
                    [worker_id] => 1
                    [present] => 1
                    [job_id] => 1
                )

            [1] => Array
                (
                    [worker_id] => 2
                    [present] => 1
                    [job_id] => 1
                )

            [2] => Array
                (
                    [worker_id] => 3
                    [present] => 1
                    [job_id] => 1
                )

            [3] => Array
                (
                    [worker_id] => 4
                    [present] => 1
                    [job_id] => 1
                )

            [4] => Array
                (
                    [worker_id] => 5
                    [present] => 1
                    [job_id] => 1
                )

        )

)

[22-Feb-2025 02:58:43 Europe/Berlin] Received JSON Data: Array
(
    [lead_id] => 2
    [attendance] => Array
        (
            [0] => Array
                (
                    [worker_id] => 6
                    [present] => 1
                    [job_id] => 2
                )

            [1] => Array
                (
                    [worker_id] => 7
                    [present] => 1
                    [job_id] => 2
                )

            [2] => Array
                (
                    [worker_id] => 8
                    [present] => 1
                    [job_id] => 2
                )

            [3] => Array
                (
                    [worker_id] => 10
                    [present] => 0
                    [job_id] => 2
                )

            [4] => Array
                (
                    [worker_id] => 11
                    [present] => 0
                    [job_id] => 2
                )

        )

)

[22-Feb-2025 02:58:58 Europe/Berlin] Received JSON Data: Array
(
    [lead_id] => 3
    [attendance] => Array
        (
            [0] => Array
                (
                    [worker_id] => 12
                    [present] => 1
                    [job_id] => 
                )

            [1] => Array
                (
                    [worker_id] => 13
                    [present] => 1
                    [job_id] => 
                )

            [2] => Array
                (
                    [worker_id] => 14
                    [present] => 1
                    [job_id] => 
                )

            [3] => Array
                (
                    [worker_id] => 15
                    [present] => 0
                    [job_id] => 
                )

            [4] => Array
                (
                    [worker_id] => 16
                    [present] => 0
                    [job_id] => 
                )

        )

)

[22-Feb-2025 02:58:58 Europe/Berlin] PHP Fatal error:  Uncaught mysqli_sql_exception: Cannot add or update a child row: a foreign key constraint fails (`easeestate`.`attendance`, CONSTRAINT `attendance_ibfk_3` FOREIGN KEY (`job_id`) REFERENCES `jobs` (`id`) ON DELETE CASCADE) in C:\xampp\htdocs\easeestate\update_attendance_action.php:127
Stack trace:
#0 C:\xampp\htdocs\easeestate\update_attendance_action.php(127): mysqli_stmt->execute()
#1 {main}
  thrown in C:\xampp\htdocs\easeestate\update_attendance_action.php on line 127
[22-Feb-2025 02:59:05 Europe/Berlin] Received JSON Data: Array
(
    [lead_id] => 3
    [attendance] => Array
        (
            [0] => Array
                (
                    [worker_id] => 12
                    [present] => 1
                    [job_id] => 
                )

            [1] => Array
                (
                    [worker_id] => 13
                    [present] => 1
                    [job_id] => 
                )

            [2] => Array
                (
                    [worker_id] => 14
                    [present] => 1
                    [job_id] => 
                )

            [3] => Array
                (
                    [worker_id] => 15
                    [present] => 0
                    [job_id] => 
                )

            [4] => Array
                (
                    [worker_id] => 16
                    [present] => 0
                    [job_id] => 
                )

        )

)

[22-Feb-2025 02:59:05 Europe/Berlin] PHP Fatal error:  Uncaught mysqli_sql_exception: Cannot add or update a child row: a foreign key constraint fails (`easeestate`.`attendance`, CONSTRAINT `attendance_ibfk_3` FOREIGN KEY (`job_id`) REFERENCES `jobs` (`id`) ON DELETE CASCADE) in C:\xampp\htdocs\easeestate\update_attendance_action.php:127
Stack trace:
#0 C:\xampp\htdocs\easeestate\update_attendance_action.php(127): mysqli_stmt->execute()
#1 {main}
  thrown in C:\xampp\htdocs\easeestate\update_attendance_action.php on line 127
[22-Feb-2025 02:59:14 Europe/Berlin] Received JSON Data: Array
(
    [lead_id] => 4
    [attendance] => Array
        (
            [0] => Array
                (
                    [worker_id] => 17
                    [present] => 1
                    [job_id] => 4
                )

            [1] => Array
                (
                    [worker_id] => 18
                    [present] => 0
                    [job_id] => 4
                )

            [2] => Array
                (
                    [worker_id] => 19
                    [present] => 0
                    [job_id] => 4
                )

            [3] => Array
                (
                    [worker_id] => 20
                    [present] => 1
                    [job_id] => 4
                )

            [4] => Array
                (
                    [worker_id] => 21
                    [present] => 1
                    [job_id] => 4
                )

        )

)

[22-Feb-2025 02:59:31 Europe/Berlin] Received JSON Data: Array
(
    [lead_id] => 4
    [attendance] => Array
        (
            [0] => Array
                (
                    [worker_id] => 17
                    [present] => 0
                    [job_id] => 5
                )

            [1] => Array
                (
                    [worker_id] => 18
                    [present] => 0
                    [job_id] => 5
                )

            [2] => Array
                (
                    [worker_id] => 19
                    [present] => 1
                    [job_id] => 5
                )

            [3] => Array
                (
                    [worker_id] => 20
                    [present] => 1
                    [job_id] => 6
                )

            [4] => Array
                (
                    [worker_id] => 21
                    [present] => 1
                    [job_id] => 5
                )

        )

)

[22-Feb-2025 02:59:48 Europe/Berlin] Received JSON Data: Array
(
    [lead_id] => 5
    [attendance] => Array
        (
            [0] => Array
                (
                    [worker_id] => 22
                    [present] => 0
                    [job_id] => 6
                )

            [1] => Array
                (
                    [worker_id] => 23
                    [present] => 0
                    [job_id] => 6
                )

            [2] => Array
                (
                    [worker_id] => 24
                    [present] => 1
                    [job_id] => 5
                )

            [3] => Array
                (
                    [worker_id] => 25
                    [present] => 1
                    [job_id] => 4
                )

            [4] => Array
                (
                    [worker_id] => 26
                    [present] => 1
                    [job_id] => 6
                )

        )

)

[22-Feb-2025 03:03:41 Europe/Berlin] Received JSON Data: Array
(
    [lead_id] => 3
    [attendance] => Array
        (
            [0] => Array
                (
                    [worker_id] => 12
                    [present] => 1
                    [job_id] => 4
                )

            [1] => Array
                (
                    [worker_id] => 13
                    [present] => 1
                    [job_id] => 4
                )

            [2] => Array
                (
                    [worker_id] => 14
                    [present] => 1
                    [job_id] => 4
                )

            [3] => Array
                (
                    [worker_id] => 15
                    [present] => 1
                    [job_id] => 4
                )

            [4] => Array
                (
                    [worker_id] => 16
                    [present] => 1
                    [job_id] => 4
                )

        )

)

[22-Feb-2025 03:03:59 Europe/Berlin] Received JSON Data: Array
(
    [lead_id] => 4
    [attendance] => Array
        (
            [0] => Array
                (
                    [worker_id] => 17
                    [present] => 0
                    [job_id] => 5
                )

            [1] => Array
                (
                    [worker_id] => 18
                    [present] => 1
                    [job_id] => 6
                )

            [2] => Array
                (
                    [worker_id] => 19
                    [present] => 0
                    [job_id] => 5
                )

            [3] => Array
                (
                    [worker_id] => 20
                    [present] => 1
                    [job_id] => 6
                )

            [4] => Array
                (
                    [worker_id] => 21
                    [present] => 0
                    [job_id] => 5
                )

        )

)

[22-Feb-2025 10:07:52 Europe/Berlin] Received JSON Data: Array
(
    [lead_id] => 6
    [attendance] => Array
        (
            [0] => Array
                (
                    [worker_id] => 27
                    [present] => 1
                    [job_id] => 3
                )

            [1] => Array
                (
                    [worker_id] => 28
                    [present] => 1
                    [job_id] => 3
                )

        )

)

[23-Feb-2025 05:56:23 Europe/Berlin] Received JSON Data: Array
(
    [lead_id] => 1
    [attendance] => Array
        (
            [0] => Array
                (
                    [worker_id] => 1
                    [present] => 1
                    [job_id] => 1
                )

            [1] => Array
                (
                    [worker_id] => 2
                    [present] => 1
                    [job_id] => 1
                )

            [2] => Array
                (
                    [worker_id] => 3
                    [present] => 1
                    [job_id] => 1
                )

            [3] => Array
                (
                    [worker_id] => 4
                    [present] => 0
                    [job_id] => 1
                )

            [4] => Array
                (
                    [worker_id] => 5
                    [present] => 0
                    [job_id] => 1
                )

        )

)

[23-Feb-2025 05:56:34 Europe/Berlin] Received JSON Data: Array
(
    [lead_id] => 2
    [attendance] => Array
        (
            [0] => Array
                (
                    [worker_id] => 6
                    [present] => 0
                    [job_id] => 2
                )

            [1] => Array
                (
                    [worker_id] => 7
                    [present] => 0
                    [job_id] => 2
                )

            [2] => Array
                (
                    [worker_id] => 8
                    [present] => 1
                    [job_id] => 2
                )

            [3] => Array
                (
                    [worker_id] => 10
                    [present] => 1
                    [job_id] => 2
                )

            [4] => Array
                (
                    [worker_id] => 11
                    [present] => 1
                    [job_id] => 2
                )

        )

)

[23-Feb-2025 05:56:54 Europe/Berlin] Received JSON Data: Array
(
    [lead_id] => 4
    [attendance] => Array
        (
            [0] => Array
                (
                    [worker_id] => 17
                    [present] => 1
                    [job_id] => 4
                )

            [1] => Array
                (
                    [worker_id] => 18
                    [present] => 1
                    [job_id] => 4
                )

            [2] => Array
                (
                    [worker_id] => 19
                    [present] => 0
                    [job_id] => 4
                )

            [3] => Array
                (
                    [worker_id] => 20
                    [present] => 1
                    [job_id] => 6
                )

            [4] => Array
                (
                    [worker_id] => 21
                    [present] => 0
                    [job_id] => 4
                )

        )

)

[23-Feb-2025 05:57:10 Europe/Berlin] Received JSON Data: Array
(
    [lead_id] => 5
    [attendance] => Array
        (
            [0] => Array
                (
                    [worker_id] => 22
                    [present] => 0
                    [job_id] => 5
                )

            [1] => Array
                (
                    [worker_id] => 23
                    [present] => 0
                    [job_id] => 5
                )

            [2] => Array
                (
                    [worker_id] => 24
                    [present] => 1
                    [job_id] => 7
                )

            [3] => Array
                (
                    [worker_id] => 25
                    [present] => 1
                    [job_id] => 5
                )

            [4] => Array
                (
                    [worker_id] => 26
                    [present] => 1
                    [job_id] => 5
                )

        )

)

[23-Feb-2025 05:57:14 Europe/Berlin] Received JSON Data: Array
(
    [lead_id] => 5
    [attendance] => Array
        (
            [0] => Array
                (
                    [worker_id] => 22
                    [present] => 0
                    [job_id] => 5
                )

            [1] => Array
                (
                    [worker_id] => 23
                    [present] => 0
                    [job_id] => 5
                )

            [2] => Array
                (
                    [worker_id] => 24
                    [present] => 1
                    [job_id] => 7
                )

            [3] => Array
                (
                    [worker_id] => 25
                    [present] => 1
                    [job_id] => 5
                )

            [4] => Array
                (
                    [worker_id] => 26
                    [present] => 1
                    [job_id] => 5
                )

        )

)

[23-Feb-2025 05:57:33 Europe/Berlin] Received JSON Data: Array
(
    [lead_id] => 6
    [attendance] => Array
        (
            [0] => Array
                (
                    [worker_id] => 27
                    [present] => 1
                    [job_id] => 3
                )

            [1] => Array
                (
                    [worker_id] => 28
                    [present] => 1
                    [job_id] => 3
                )

        )

)

[23-Feb-2025 05:58:14 Europe/Berlin] Received JSON Data: Array
(
    [lead_id] => 7
    [attendance] => Array
        (
            [0] => Array
                (
                    [worker_id] => 29
                    [present] => 1
                    [job_id] => 7
                )

            [1] => Array
                (
                    [worker_id] => 30
                    [present] => 1
                    [job_id] => 7
                )

        )

)

[23-Feb-2025 06:00:40 Europe/Berlin] Received JSON Data: Array
(
    [lead_id] => 8
    [attendance] => Array
        (
            [0] => Array
                (
                    [worker_id] => 31
                    [present] => 1
                    [job_id] => 1
                )

            [1] => Array
                (
                    [worker_id] => 32
                    [present] => 1
                    [job_id] => 1
                )

        )

)

[23-Feb-2025 06:08:02 Europe/Berlin] Received JSON Data: Array
(
    [lead_id] => 9
    [attendance] => Array
        (
            [0] => Array
                (
                    [worker_id] => 33
                    [present] => 1
                    [job_id] => 1
                )

            [1] => Array
                (
                    [worker_id] => 34
                    [present] => 1
                    [job_id] => 1
                )

        )

)

[23-Feb-2025 06:17:20 Europe/Berlin] Received JSON Data: Array
(
    [lead_id] => 1
    [attendance] => Array
        (
            [0] => Array
                (
                    [worker_id] => 1
                    [present] => 1
                    [job_id] => 1
                )

            [1] => Array
                (
                    [worker_id] => 2
                    [present] => 1
                    [job_id] => 1
                )

            [2] => Array
                (
                    [worker_id] => 3
                    [present] => 1
                    [job_id] => 1
                )

            [3] => Array
                (
                    [worker_id] => 4
                    [present] => 0
                    [job_id] => 1
                )

            [4] => Array
                (
                    [worker_id] => 5
                    [present] => 0
                    [job_id] => 1
                )

        )

)

[23-Feb-2025 06:17:59 Europe/Berlin] Received JSON Data: Array
(
    [lead_id] => 2
    [attendance] => Array
        (
            [0] => Array
                (
                    [worker_id] => 6
                    [present] => 1
                    [job_id] => 2
                )

            [1] => Array
                (
                    [worker_id] => 7
                    [present] => 1
                    [job_id] => 2
                )

            [2] => Array
                (
                    [worker_id] => 8
                    [present] => 1
                    [job_id] => 2
                )

            [3] => Array
                (
                    [worker_id] => 10
                    [present] => 0
                    [job_id] => 2
                )

            [4] => Array
                (
                    [worker_id] => 11
                    [present] => 0
                    [job_id] => 2
                )

        )

)

[23-Feb-2025 06:27:42 Europe/Berlin] Received JSON Data: Array
(
    [lead_id] => 1
    [attendance] => Array
        (
            [0] => Array
                (
                    [worker_id] => 1
                    [present] => 1
                    [job_id] => 1
                )

            [1] => Array
                (
                    [worker_id] => 2
                    [present] => 1
                    [job_id] => 1
                )

            [2] => Array
                (
                    [worker_id] => 3
                    [present] => 1
                    [job_id] => 1
                )

            [3] => Array
                (
                    [worker_id] => 4
                    [present] => 0
                    [job_id] => 1
                )

            [4] => Array
                (
                    [worker_id] => 5
                    [present] => 0
                    [job_id] => 1
                )

        )

)

[23-Feb-2025 06:27:57 Europe/Berlin] Received JSON Data: Array
(
    [lead_id] => 2
    [attendance] => Array
        (
            [0] => Array
                (
                    [worker_id] => 6
                    [present] => 1
                    [job_id] => 2
                )

            [1] => Array
                (
                    [worker_id] => 7
                    [present] => 1
                    [job_id] => 2
                )

            [2] => Array
                (
                    [worker_id] => 8
                    [present] => 1
                    [job_id] => 2
                )

            [3] => Array
                (
                    [worker_id] => 10
                    [present] => 0
                    [job_id] => 2
                )

            [4] => Array
                (
                    [worker_id] => 11
                    [present] => 0
                    [job_id] => 2
                )

        )

)

[23-Feb-2025 06:29:04 Europe/Berlin] Received JSON Data: Array
(
    [lead_id] => 6
    [attendance] => Array
        (
            [0] => Array
                (
                    [worker_id] => 27
                    [present] => 1
                    [job_id] => 3
                )

            [1] => Array
                (
                    [worker_id] => 28
                    [present] => 1
                    [job_id] => 3
                )

        )

)

[23-Feb-2025 06:30:47 Europe/Berlin] Received JSON Data: Array
(
    [lead_id] => 8
    [attendance] => Array
        (
            [0] => Array
                (
                    [worker_id] => 31
                    [present] => 1
                    [job_id] => 1
                )

            [1] => Array
                (
                    [worker_id] => 32
                    [present] => 1
                    [job_id] => 1
                )

        )

)

[23-Feb-2025 06:31:04 Europe/Berlin] Received JSON Data: Array
(
    [lead_id] => 9
    [attendance] => Array
        (
            [0] => Array
                (
                    [worker_id] => 33
                    [present] => 1
                    [job_id] => 2
                )

            [1] => Array
                (
                    [worker_id] => 34
                    [present] => 1
                    [job_id] => 2
                )

        )

)

[23-Feb-2025 06:45:13 Europe/Berlin] Received JSON Data: Array
(
    [lead_id] => 8
    [attendance] => Array
        (
            [0] => Array
                (
                    [worker_id] => 31
                    [present] => 1
                    [job_id] => 1
                )

            [1] => Array
                (
                    [worker_id] => 32
                    [present] => 1
                    [job_id] => 1
                )

        )

)

[23-Feb-2025 06:45:25 Europe/Berlin] Received JSON Data: Array
(
    [lead_id] => 6
    [attendance] => Array
        (
            [0] => Array
                (
                    [worker_id] => 27
                    [present] => 1
                    [job_id] => 3
                )

            [1] => Array
                (
                    [worker_id] => 28
                    [present] => 1
                    [job_id] => 3
                )

        )

)

[23-Feb-2025 06:45:42 Europe/Berlin] Received JSON Data: Array
(
    [lead_id] => 9
    [attendance] => Array
        (
            [0] => Array
                (
                    [worker_id] => 33
                    [present] => 1
                    [job_id] => 2
                )

            [1] => Array
                (
                    [worker_id] => 34
                    [present] => 1
                    [job_id] => 2
                )

        )

)

[23-Feb-2025 06:56:38 Europe/Berlin] Received JSON Data: Array
(
    [lead_id] => 4
    [attendance] => Array
        (
            [0] => Array
                (
                    [worker_id] => 17
                    [present] => 1
                    [job_id] => 4
                )

            [1] => Array
                (
                    [worker_id] => 18
                    [present] => 1
                    [job_id] => 4
                )

            [2] => Array
                (
                    [worker_id] => 19
                    [present] => 1
                    [job_id] => 4
                )

            [3] => Array
                (
                    [worker_id] => 20
                    [present] => 1
                    [job_id] => 4
                )

            [4] => Array
                (
                    [worker_id] => 21
                    [present] => 1
                    [job_id] => 4
                )

        )

)

[23-Feb-2025 07:35:06 Europe/Berlin] Received JSON Data: Array
(
    [lead_id] => 6
    [attendance] => Array
        (
            [0] => Array
                (
                    [worker_id] => 27
                    [present] => 1
                    [job_id] => 3
                )

            [1] => Array
                (
                    [worker_id] => 28
                    [present] => 1
                    [job_id] => 3
                )

        )

)

[23-Feb-2025 07:35:22 Europe/Berlin] Received JSON Data: Array
(
    [lead_id] => 7
    [attendance] => Array
        (
            [0] => Array
                (
                    [worker_id] => 29
                    [present] => 1
                    [job_id] => 1
                )

            [1] => Array
                (
                    [worker_id] => 30
                    [present] => 1
                    [job_id] => 1
                )

        )

)

[23-Feb-2025 07:35:38 Europe/Berlin] Received JSON Data: Array
(
    [lead_id] => 9
    [attendance] => Array
        (
            [0] => Array
                (
                    [worker_id] => 33
                    [present] => 1
                    [job_id] => 
                )

            [1] => Array
                (
                    [worker_id] => 34
                    [present] => 1
                    [job_id] => 
                )

        )

)

[23-Feb-2025 07:35:38 Europe/Berlin] PHP Fatal error:  Uncaught mysqli_sql_exception: Cannot add or update a child row: a foreign key constraint fails (`easeestate`.`attendance`, CONSTRAINT `attendance_ibfk_3` FOREIGN KEY (`job_id`) REFERENCES `jobs` (`id`) ON DELETE CASCADE) in C:\xampp\htdocs\easeestate\update_attendance_action.php:127
Stack trace:
#0 C:\xampp\htdocs\easeestate\update_attendance_action.php(127): mysqli_stmt->execute()
#1 {main}
  thrown in C:\xampp\htdocs\easeestate\update_attendance_action.php on line 127
[23-Feb-2025 07:35:39 Europe/Berlin] Received JSON Data: Array
(
    [lead_id] => 9
    [attendance] => Array
        (
            [0] => Array
                (
                    [worker_id] => 33
                    [present] => 1
                    [job_id] => 
                )

            [1] => Array
                (
                    [worker_id] => 34
                    [present] => 1
                    [job_id] => 
                )

        )

)

[23-Feb-2025 07:35:39 Europe/Berlin] PHP Fatal error:  Uncaught mysqli_sql_exception: Cannot add or update a child row: a foreign key constraint fails (`easeestate`.`attendance`, CONSTRAINT `attendance_ibfk_3` FOREIGN KEY (`job_id`) REFERENCES `jobs` (`id`) ON DELETE CASCADE) in C:\xampp\htdocs\easeestate\update_attendance_action.php:127
Stack trace:
#0 C:\xampp\htdocs\easeestate\update_attendance_action.php(127): mysqli_stmt->execute()
#1 {main}
  thrown in C:\xampp\htdocs\easeestate\update_attendance_action.php on line 127
[23-Feb-2025 07:35:41 Europe/Berlin] Received JSON Data: Array
(
    [lead_id] => 9
    [attendance] => Array
        (
            [0] => Array
                (
                    [worker_id] => 33
                    [present] => 1
                    [job_id] => 
                )

            [1] => Array
                (
                    [worker_id] => 34
                    [present] => 1
                    [job_id] => 
                )

        )

)

[23-Feb-2025 07:35:41 Europe/Berlin] PHP Fatal error:  Uncaught mysqli_sql_exception: Cannot add or update a child row: a foreign key constraint fails (`easeestate`.`attendance`, CONSTRAINT `attendance_ibfk_3` FOREIGN KEY (`job_id`) REFERENCES `jobs` (`id`) ON DELETE CASCADE) in C:\xampp\htdocs\easeestate\update_attendance_action.php:127
Stack trace:
#0 C:\xampp\htdocs\easeestate\update_attendance_action.php(127): mysqli_stmt->execute()
#1 {main}
  thrown in C:\xampp\htdocs\easeestate\update_attendance_action.php on line 127
[23-Feb-2025 07:35:56 Europe/Berlin] Received JSON Data: Array
(
    [lead_id] => 9
    [attendance] => Array
        (
            [0] => Array
                (
                    [worker_id] => 33
                    [present] => 1
                    [job_id] => 2
                )

            [1] => Array
                (
                    [worker_id] => 34
                    [present] => 1
                    [job_id] => 2
                )

        )

)

[23-Feb-2025 07:36:56 Europe/Berlin] Received JSON Data: Array
(
    [lead_id] => 1
    [attendance] => Array
        (
            [0] => Array
                (
                    [worker_id] => 1
                    [present] => 1
                    [job_id] => 4
                )

            [1] => Array
                (
                    [worker_id] => 2
                    [present] => 1
                    [job_id] => 4
                )

            [2] => Array
                (
                    [worker_id] => 3
                    [present] => 1
                    [job_id] => 4
                )

            [3] => Array
                (
                    [worker_id] => 4
                    [present] => 0
                    [job_id] => 4
                )

            [4] => Array
                (
                    [worker_id] => 5
                    [present] => 0
                    [job_id] => 4
                )

        )

)

[23-Feb-2025 09:08:01 Europe/Berlin] Received JSON Data: Array
(
    [lead_id] => 2
    [attendance] => Array
        (
            [0] => Array
                (
                    [worker_id] => 6
                    [present] => 1
                    [job_id] => 1
                )

            [1] => Array
                (
                    [worker_id] => 7
                    [present] => 1
                    [job_id] => 1
                )

            [2] => Array
                (
                    [worker_id] => 8
                    [present] => 1
                    [job_id] => 1
                )

            [3] => Array
                (
                    [worker_id] => 10
                    [present] => 1
                    [job_id] => 4
                )

            [4] => Array
                (
                    [worker_id] => 11
                    [present] => 1
                    [job_id] => 4
                )

        )

)

[23-Feb-2025 09:08:01 Europe/Berlin] Received JSON Data: Array
(
    [lead_id] => 2
    [attendance] => Array
        (
            [0] => Array
                (
                    [worker_id] => 6
                    [present] => 1
                    [job_id] => 1
                )

            [1] => Array
                (
                    [worker_id] => 7
                    [present] => 1
                    [job_id] => 1
                )

            [2] => Array
                (
                    [worker_id] => 8
                    [present] => 1
                    [job_id] => 1
                )

            [3] => Array
                (
                    [worker_id] => 10
                    [present] => 1
                    [job_id] => 4
                )

            [4] => Array
                (
                    [worker_id] => 11
                    [present] => 1
                    [job_id] => 4
                )

        )

)

[24-Feb-2025 02:57:24 Europe/Berlin] Received JSON Data: Array
(
    [lead_id] => 1
    [attendance] => Array
        (
            [0] => Array
                (
                    [worker_id] => 1
                    [present] => 1
                    [job_id] => 7
                )

            [1] => Array
                (
                    [worker_id] => 2
                    [present] => 1
                    [job_id] => 7
                )

            [2] => Array
                (
                    [worker_id] => 3
                    [present] => 1
                    [job_id] => 7
                )

            [3] => Array
                (
                    [worker_id] => 4
                    [present] => 0
                    [job_id] => 7
                )

            [4] => Array
                (
                    [worker_id] => 5
                    [present] => 0
                    [job_id] => 7
                )

        )

)

[24-Feb-2025 02:57:41 Europe/Berlin] Received JSON Data: Array
(
    [lead_id] => 2
    [attendance] => Array
        (
            [0] => Array
                (
                    [worker_id] => 6
                    [present] => 1
                    [job_id] => 6
                )

            [1] => Array
                (
                    [worker_id] => 7
                    [present] => 1
                    [job_id] => 6
                )

            [2] => Array
                (
                    [worker_id] => 8
                    [present] => 1
                    [job_id] => 6
                )

            [3] => Array
                (
                    [worker_id] => 10
                    [present] => 1
                    [job_id] => 6
                )

            [4] => Array
                (
                    [worker_id] => 11
                    [present] => 1
                    [job_id] => 6
                )

        )

)

[24-Feb-2025 02:57:52 Europe/Berlin] Received JSON Data: Array
(
    [lead_id] => 3
    [attendance] => Array
        (
            [0] => Array
                (
                    [worker_id] => 12
                    [present] => 1
                    [job_id] => 5
                )

            [1] => Array
                (
                    [worker_id] => 13
                    [present] => 1
                    [job_id] => 5
                )

            [2] => Array
                (
                    [worker_id] => 14
                    [present] => 0
                    [job_id] => 5
                )

            [3] => Array
                (
                    [worker_id] => 15
                    [present] => 0
                    [job_id] => 5
                )

            [4] => Array
                (
                    [worker_id] => 16
                    [present] => 1
                    [job_id] => 5
                )

        )

)

[24-Feb-2025 02:58:12 Europe/Berlin] Received JSON Data: Array
(
    [lead_id] => 4
    [attendance] => Array
        (
            [0] => Array
                (
                    [worker_id] => 17
                    [present] => 0
                    [job_id] => 4
                )

            [1] => Array
                (
                    [worker_id] => 18
                    [present] => 1
                    [job_id] => 4
                )

            [2] => Array
                (
                    [worker_id] => 19
                    [present] => 1
                    [job_id] => 4
                )

            [3] => Array
                (
                    [worker_id] => 20
                    [present] => 1
                    [job_id] => 6
                )

            [4] => Array
                (
                    [worker_id] => 21
                    [present] => 1
                    [job_id] => 7
                )

        )

)

[24-Feb-2025 02:58:25 Europe/Berlin] Received JSON Data: Array
(
    [lead_id] => 6
    [attendance] => Array
        (
            [0] => Array
                (
                    [worker_id] => 27
                    [present] => 1
                    [job_id] => 3
                )

            [1] => Array
                (
                    [worker_id] => 28
                    [present] => 1
                    [job_id] => 3
                )

        )

)

[24-Feb-2025 02:58:41 Europe/Berlin] Received JSON Data: Array
(
    [lead_id] => 8
    [attendance] => Array
        (
            [0] => Array
                (
                    [worker_id] => 31
                    [present] => 1
                    [job_id] => 1
                )

            [1] => Array
                (
                    [worker_id] => 32
                    [present] => 1
                    [job_id] => 1
                )

        )

)

[24-Feb-2025 02:58:48 Europe/Berlin] Received JSON Data: Array
(
    [lead_id] => 7
    [attendance] => Array
        (
            [0] => Array
                (
                    [worker_id] => 29
                    [present] => 1
                    [job_id] => 2
                )

            [1] => Array
                (
                    [worker_id] => 30
                    [present] => 1
                    [job_id] => 2
                )

        )

)

[25-Feb-2025 12:35:10 Europe/Berlin] Received JSON Data: Array
(
    [lead_id] => 1
    [attendance] => Array
        (
            [0] => Array
                (
                    [worker_id] => 1
                    [present] => 1
                    [job_id] => 7
                )

            [1] => Array
                (
                    [worker_id] => 2
                    [present] => 1
                    [job_id] => 7
                )

            [2] => Array
                (
                    [worker_id] => 3
                    [present] => 1
                    [job_id] => 7
                )

            [3] => Array
                (
                    [worker_id] => 4
                    [present] => 1
                    [job_id] => 7
                )

            [4] => Array
                (
                    [worker_id] => 5
                    [present] => 1
                    [job_id] => 7
                )

        )

)

[25-Feb-2025 12:35:27 Europe/Berlin] Received JSON Data: Array
(
    [lead_id] => 2
    [attendance] => Array
        (
            [0] => Array
                (
                    [worker_id] => 6
                    [present] => 1
                    [job_id] => 6
                )

            [1] => Array
                (
                    [worker_id] => 7
                    [present] => 1
                    [job_id] => 6
                )

            [2] => Array
                (
                    [worker_id] => 8
                    [present] => 1
                    [job_id] => 6
                )

            [3] => Array
                (
                    [worker_id] => 10
                    [present] => 0
                    [job_id] => 6
                )

            [4] => Array
                (
                    [worker_id] => 11
                    [present] => 1
                    [job_id] => 6
                )

        )

)

[25-Feb-2025 12:35:47 Europe/Berlin] Received JSON Data: Array
(
    [lead_id] => 3
    [attendance] => Array
        (
            [0] => Array
                (
                    [worker_id] => 12
                    [present] => 0
                    [job_id] => 5
                )

            [1] => Array
                (
                    [worker_id] => 13
                    [present] => 0
                    [job_id] => 5
                )

            [2] => Array
                (
                    [worker_id] => 14
                    [present] => 0
                    [job_id] => 5
                )

            [3] => Array
                (
                    [worker_id] => 15
                    [present] => 0
                    [job_id] => 5
                )

            [4] => Array
                (
                    [worker_id] => 16
                    [present] => 0
                    [job_id] => 7
                )

        )

)

[25-Feb-2025 12:36:08 Europe/Berlin] Received JSON Data: Array
(
    [lead_id] => 5
    [attendance] => Array
        (
            [0] => Array
                (
                    [worker_id] => 22
                    [present] => 0
                    [job_id] => 4
                )

            [1] => Array
                (
                    [worker_id] => 23
                    [present] => 1
                    [job_id] => 4
                )

            [2] => Array
                (
                    [worker_id] => 24
                    [present] => 1
                    [job_id] => 4
                )

            [3] => Array
                (
                    [worker_id] => 25
                    [present] => 1
                    [job_id] => 4
                )

            [4] => Array
                (
                    [worker_id] => 26
                    [present] => 1
                    [job_id] => 4
                )

        )

)

[25-Feb-2025 12:36:18 Europe/Berlin] Received JSON Data: Array
(
    [lead_id] => 6
    [attendance] => Array
        (
            [0] => Array
                (
                    [worker_id] => 27
                    [present] => 1
                    [job_id] => 3
                )

            [1] => Array
                (
                    [worker_id] => 28
                    [present] => 1
                    [job_id] => 3
                )

        )

)

[25-Feb-2025 12:36:32 Europe/Berlin] Received JSON Data: Array
(
    [lead_id] => 7
    [attendance] => Array
        (
            [0] => Array
                (
                    [worker_id] => 29
                    [present] => 0
                    [job_id] => 2
                )

            [1] => Array
                (
                    [worker_id] => 30
                    [present] => 0
                    [job_id] => 2
                )

        )

)

[25-Feb-2025 12:36:42 Europe/Berlin] Received JSON Data: Array
(
    [lead_id] => 8
    [attendance] => Array
        (
            [0] => Array
                (
                    [worker_id] => 31
                    [present] => 1
                    [job_id] => 1
                )

            [1] => Array
                (
                    [worker_id] => 32
                    [present] => 1
                    [job_id] => 1
                )

        )

)

[26-Feb-2025 07:18:27 Europe/Berlin] Received JSON Data: Array
(
    [lead_id] => 1
    [attendance] => Array
        (
            [0] => Array
                (
                    [worker_id] => 1
                    [present] => 1
                    [job_id] => 7
                )

            [1] => Array
                (
                    [worker_id] => 2
                    [present] => 1
                    [job_id] => 7
                )

            [2] => Array
                (
                    [worker_id] => 3
                    [present] => 1
                    [job_id] => 7
                )

            [3] => Array
                (
                    [worker_id] => 4
                    [present] => 0
                    [job_id] => 7
                )

            [4] => Array
                (
                    [worker_id] => 5
                    [present] => 0
                    [job_id] => 7
                )

        )

)

[26-Feb-2025 07:18:40 Europe/Berlin] Received JSON Data: Array
(
    [lead_id] => 9
    [attendance] => Array
        (
            [0] => Array
                (
                    [worker_id] => 33
                    [present] => 1
                    [job_id] => 1
                )

            [1] => Array
                (
                    [worker_id] => 34
                    [present] => 1
                    [job_id] => 1
                )

        )

)

[28-Feb-2025 17:39:12 Europe/Berlin] Received JSON Data: Array
(
    [lead_id] => 1
    [attendance] => Array
        (
            [0] => Array
                (
                    [worker_id] => 1
                    [present] => 1
                    [job_id] => 4
                )

            [1] => Array
                (
                    [worker_id] => 2
                    [present] => 1
                    [job_id] => 4
                )

            [2] => Array
                (
                    [worker_id] => 3
                    [present] => 1
                    [job_id] => 4
                )

            [3] => Array
                (
                    [worker_id] => 4
                    [present] => 1
                    [job_id] => 4
                )

            [4] => Array
                (
                    [worker_id] => 5
                    [present] => 1
                    [job_id] => 4
                )

        )

)

[05-Mar-2025 06:17:52 Europe/Berlin] Received JSON Data: Array
(
    [lead_id] => 1
    [attendance] => Array
        (
            [0] => Array
                (
                    [worker_id] => 1
                    [present] => 1
                    [job_id] => 4
                )

            [1] => Array
                (
                    [worker_id] => 2
                    [present] => 1
                    [job_id] => 4
                )

            [2] => Array
                (
                    [worker_id] => 3
                    [present] => 1
                    [job_id] => 4
                )

            [3] => Array
                (
                    [worker_id] => 4
                    [present] => 0
                    [job_id] => 4
                )

            [4] => Array
                (
                    [worker_id] => 5
                    [present] => 0
                    [job_id] => 4
                )

        )

)

[05-Mar-2025 06:27:32 Europe/Berlin] Received JSON Data: Array
(
    [lead_id] => 2
    [attendance] => Array
        (
            [0] => Array
                (
                    [worker_id] => 6
                    [present] => 1
                    [job_id] => 1
                )

            [1] => Array
                (
                    [worker_id] => 7
                    [present] => 1
                    [job_id] => 1
                )

            [2] => Array
                (
                    [worker_id] => 8
                    [present] => 1
                    [job_id] => 1
                )

            [3] => Array
                (
                    [worker_id] => 10
                    [present] => 1
                    [job_id] => 1
                )

            [4] => Array
                (
                    [worker_id] => 11
                    [present] => 0
                    [job_id] => 1
                )

        )

)

[05-Mar-2025 07:35:55 Europe/Berlin] Received JSON Data: Array
(
    [lead_id] => 3
    [attendance] => Array
        (
            [0] => Array
                (
                    [worker_id] => 12
                    [present] => 1
                    [job_id] => 2
                )

            [1] => Array
                (
                    [worker_id] => 13
                    [present] => 1
                    [job_id] => 2
                )

            [2] => Array
                (
                    [worker_id] => 14
                    [present] => 1
                    [job_id] => 2
                )

            [3] => Array
                (
                    [worker_id] => 15
                    [present] => 1
                    [job_id] => 2
                )

            [4] => Array
                (
                    [worker_id] => 16
                    [present] => 1
                    [job_id] => 2
                )

        )

)

[05-Mar-2025 07:36:17 Europe/Berlin] Received JSON Data: Array
(
    [lead_id] => 6
    [attendance] => Array
        (
            [0] => Array
                (
                    [worker_id] => 27
                    [present] => 1
                    [job_id] => 3
                )

            [1] => Array
                (
                    [worker_id] => 28
                    [present] => 1
                    [job_id] => 3
                )

        )

)

[06-Mar-2025 02:22:31 Europe/Berlin] Received JSON Data: Array
(
    [lead_id] => 1
    [attendance] => Array
        (
            [0] => Array
                (
                    [worker_id] => 1
                    [present] => 1
                    [job_id] => 4
                )

            [1] => Array
                (
                    [worker_id] => 2
                    [present] => 1
                    [job_id] => 4
                )

            [2] => Array
                (
                    [worker_id] => 3
                    [present] => 1
                    [job_id] => 4
                )

            [3] => Array
                (
                    [worker_id] => 4
                    [present] => 1
                    [job_id] => 4
                )

            [4] => Array
                (
                    [worker_id] => 5
                    [present] => 0
                    [job_id] => 4
                )

            [5] => Array
                (
                    [worker_id] => 35
                    [present] => 0
                    [job_id] => 4
                )

        )

)

[06-Mar-2025 02:52:19 Europe/Berlin] Received JSON Data: Array
(
    [lead_id] => 4
    [attendance] => Array
        (
            [0] => Array
                (
                    [worker_id] => 17
                    [present] => 1
                    [job_id] => 1
                )

            [1] => Array
                (
                    [worker_id] => 18
                    [present] => 1
                    [job_id] => 1
                )

            [2] => Array
                (
                    [worker_id] => 19
                    [present] => 1
                    [job_id] => 1
                )

            [3] => Array
                (
                    [worker_id] => 20
                    [present] => 1
                    [job_id] => 1
                )

            [4] => Array
                (
                    [worker_id] => 21
                    [present] => 1
                    [job_id] => 1
                )

        )

)

[06-Mar-2025 02:52:26 Europe/Berlin] Received JSON Data: Array
(
    [lead_id] => 5
    [attendance] => Array
        (
            [0] => Array
                (
                    [worker_id] => 22
                    [present] => 1
                    [job_id] => 2
                )

            [1] => Array
                (
                    [worker_id] => 23
                    [present] => 1
                    [job_id] => 2
                )

            [2] => Array
                (
                    [worker_id] => 24
                    [present] => 1
                    [job_id] => 2
                )

            [3] => Array
                (
                    [worker_id] => 25
                    [present] => 1
                    [job_id] => 2
                )

            [4] => Array
                (
                    [worker_id] => 26
                    [present] => 1
                    [job_id] => 2
                )

        )

)

[06-Mar-2025 02:52:36 Europe/Berlin] Received JSON Data: Array
(
    [lead_id] => 6
    [attendance] => Array
        (
            [0] => Array
                (
                    [worker_id] => 27
                    [present] => 1
                    [job_id] => 3
                )

            [1] => Array
                (
                    [worker_id] => 28
                    [present] => 1
                    [job_id] => 3
                )

        )

)

[06-Mar-2025 07:22:19 Europe/Berlin] Received JSON Data: Array
(
    [lead_id] => 9
    [attendance] => Array
        (
            [0] => Array
                (
                    [worker_id] => 33
                    [present] => 1
                    [job_id] => 5
                )

            [1] => Array
                (
                    [worker_id] => 34
                    [present] => 1
                    [job_id] => 5
                )

        )

)

[06-Mar-2025 09:15:24 Europe/Berlin] Received JSON Data: Array
(
    [lead_id] => 9
    [attendance] => Array
        (
            [0] => Array
                (
                    [worker_id] => 33
                    [present] => 1
                    [job_id] => 4
                )

            [1] => Array
                (
                    [worker_id] => 34
                    [present] => 0
                    [job_id] => 4
                )

        )

)

[06-Mar-2025 09:19:18 Europe/Berlin] Received JSON Data: Array
(
    [lead_id] => 7
    [attendance] => Array
        (
            [0] => Array
                (
                    [worker_id] => 29
                    [present] => 1
                    [job_id] => 1
                )

            [1] => Array
                (
                    [worker_id] => 30
                    [present] => 1
                    [job_id] => 1
                )

        )

)

